INFO  @ Tue, 17 Oct 2023 09:36:21: Parameters: /opt/wsi-t113/python3/bin/mageck test --norm-method none --remove-zero none -t LIG4_rep1,LIG4_rep2,LIG4_rep3 -c plasmid -k /lustre/scratch124/casm/team113/users/vo1/hap1_wt_vs_lig4_daSilva_crispr_screen/daSilva_normalised_counts_for_mageck.tsv -n /lustre/scratch124/casm/team113/users/vo1/hap1_wt_vs_lig4_daSilva_crispr_screen/MAGeCK/LIG4_vs_plasmid 
INFO  @ Tue, 17 Oct 2023 09:36:21: Welcome to MAGeCK v0.5.9.3. Command: test 
INFO  @ Tue, 17 Oct 2023 09:36:21: Loading count table from /lustre/scratch124/casm/team113/users/vo1/hap1_wt_vs_lig4_daSilva_crispr_screen/daSilva_normalised_counts_for_mageck.tsv  
INFO  @ Tue, 17 Oct 2023 09:36:21: Processing 1 lines.. 
DEBUG @ Tue, 17 Oct 2023 09:36:21: Parsing error in line 1 (usually the header line). Skip this line. 
INFO  @ Tue, 17 Oct 2023 09:36:21: Processing 100001 lines.. 
INFO  @ Tue, 17 Oct 2023 09:36:21: Loaded 116491 records. 
INFO  @ Tue, 17 Oct 2023 09:36:21: Loading Rnw template file: /opt/wsi-t113/python3/lib/python3.6/site-packages/mageck/test_report.Rmd. 
DEBUG @ Tue, 17 Oct 2023 09:36:21: Setting up the visualization module... 
INFO  @ Tue, 17 Oct 2023 09:36:21: Loading R template file: /opt/wsi-t113/python3/lib/python3.6/site-packages/mageck/plot_template.RTemplate. 
INFO  @ Tue, 17 Oct 2023 09:36:21: Loading R template file: /opt/wsi-t113/python3/lib/python3.6/site-packages/mageck/plot_template_indvgene.RTemplate. 
INFO  @ Tue, 17 Oct 2023 09:36:21: Loading Rnw template file: /opt/wsi-t113/python3/lib/python3.6/site-packages/mageck/plot_template.Rnw. 
DEBUG @ Tue, 17 Oct 2023 09:36:21: Setting up the visualization module... 
DEBUG @ Tue, 17 Oct 2023 09:36:21: Given sample labels: LIG4_rep1,LIG4_rep2,LIG4_rep3 
DEBUG @ Tue, 17 Oct 2023 09:36:21: Converted index: 4 5 6 
INFO  @ Tue, 17 Oct 2023 09:36:21: Treatment samples:LIG4_rep1,LIG4_rep2,LIG4_rep3 
INFO  @ Tue, 17 Oct 2023 09:36:21: Treatment sample index:4,5,6 
DEBUG @ Tue, 17 Oct 2023 09:36:21: Given sample labels: plasmid 
DEBUG @ Tue, 17 Oct 2023 09:36:21: Converted index: 0 
INFO  @ Tue, 17 Oct 2023 09:36:21: Control samples:plasmid 
INFO  @ Tue, 17 Oct 2023 09:36:21: Control sample index:0 
DEBUG @ Tue, 17 Oct 2023 09:36:22: Initial (total) size factor: 0.9709965402838772 1.0308002792377995 1.0307786440507765 0.9709965402833818 
INFO  @ Tue, 17 Oct 2023 09:36:22: Final size factor: 1.0 1.0 1.0 1.0 
INFO  @ Tue, 17 Oct 2023 09:36:23: Detecting outliers from variance estimation.. Avg read count:[6.090753428701285], Var: [39.12496680507482] 
INFO  @ Tue, 17 Oct 2023 09:36:23: Skipping 736 sgRNAs from variance calculation because of their extreme high counts (> 4* STD (mean counts) ). 
DEBUG @ Tue, 17 Oct 2023 09:36:23: Adjusted model: 1.2965569309066356	0 
INFO  @ Tue, 17 Oct 2023 09:36:24: Raw variance calculation: 0.0 for control, 1.0 for treatment 
INFO  @ Tue, 17 Oct 2023 09:36:24: Before RRA, 0 sgRNAs are removed with zero counts in none group(s). 
INFO  @ Tue, 17 Oct 2023 09:36:24: Use qnorm to reversely calculate sgRNA scores ... 
DEBUG @ Tue, 17 Oct 2023 09:36:26: lower test FDR cutoff: 0.48262955936510116 
DEBUG @ Tue, 17 Oct 2023 09:36:27: higher test FDR cutoff: 0.11980324660274184 
INFO  @ Tue, 17 Oct 2023 09:36:27: Running command: RRA -i /lustre/scratch124/casm/team113/users/vo1/hap1_wt_vs_lig4_daSilva_crispr_screen/MAGeCK/LIG4_vs_plasmid.plow.txt -o /lustre/scratch124/casm/team113/users/vo1/hap1_wt_vs_lig4_daSilva_crispr_screen/MAGeCK/LIG4_vs_plasmid.gene.low.txt -p 0.48262955936510116 --skip-gene NA --skip-gene na  
INFO  @ Tue, 17 Oct 2023 09:36:39: Command message: 
INFO  @ Tue, 17 Oct 2023 09:36:39:   Welcome to RRA v 0.5.9. 
INFO  @ Tue, 17 Oct 2023 09:36:39:   Skipping gene NA for permutation ... 
INFO  @ Tue, 17 Oct 2023 09:36:39:   Skipping gene na for permutation ... 
INFO  @ Tue, 17 Oct 2023 09:36:39:   Reading input file... 
INFO  @ Tue, 17 Oct 2023 09:36:39:   Summary: 116491 sgRNAs, 20466 genes, 1 lists; skipped sgRNAs:0 
INFO  @ Tue, 17 Oct 2023 09:36:39:   Computing lo-values for each group... 
INFO  @ Tue, 17 Oct 2023 09:36:39:   Computing false discovery rate... 
INFO  @ Tue, 17 Oct 2023 09:36:39:   Permuting genes with 1 sgRNAs... 
INFO  @ Tue, 17 Oct 2023 09:36:39:   Permuting genes with 2 sgRNAs... 
INFO  @ Tue, 17 Oct 2023 09:36:39:   Permuting genes with 3 sgRNAs... 
INFO  @ Tue, 17 Oct 2023 09:36:39:   Permuting genes with 4 sgRNAs... 
INFO  @ Tue, 17 Oct 2023 09:36:39:   Permuting genes with 5 sgRNAs... 
INFO  @ Tue, 17 Oct 2023 09:36:39:   Permuting genes with 6 sgRNAs... 
INFO  @ Tue, 17 Oct 2023 09:36:39:   Permuting genes with 9 sgRNAs... 
INFO  @ Tue, 17 Oct 2023 09:36:39:   Number of genes under FDR adjustment: 20466 
INFO  @ Tue, 17 Oct 2023 09:36:39:   Saving to output file... 
INFO  @ Tue, 17 Oct 2023 09:36:39:   RRA completed. 
INFO  @ Tue, 17 Oct 2023 09:36:39:    
INFO  @ Tue, 17 Oct 2023 09:36:39: End command message. 
INFO  @ Tue, 17 Oct 2023 09:36:39: Running command: RRA -i /lustre/scratch124/casm/team113/users/vo1/hap1_wt_vs_lig4_daSilva_crispr_screen/MAGeCK/LIG4_vs_plasmid.phigh.txt -o /lustre/scratch124/casm/team113/users/vo1/hap1_wt_vs_lig4_daSilva_crispr_screen/MAGeCK/LIG4_vs_plasmid.gene.high.txt -p 0.11980324660274184 --skip-gene NA --skip-gene na  
INFO  @ Tue, 17 Oct 2023 09:36:46: Command message: 
INFO  @ Tue, 17 Oct 2023 09:36:46:   Welcome to RRA v 0.5.9. 
INFO  @ Tue, 17 Oct 2023 09:36:46:   Skipping gene NA for permutation ... 
INFO  @ Tue, 17 Oct 2023 09:36:46:   Skipping gene na for permutation ... 
INFO  @ Tue, 17 Oct 2023 09:36:46:   Reading input file... 
INFO  @ Tue, 17 Oct 2023 09:36:46:   Summary: 116491 sgRNAs, 20466 genes, 1 lists; skipped sgRNAs:0 
INFO  @ Tue, 17 Oct 2023 09:36:46:   Computing lo-values for each group... 
INFO  @ Tue, 17 Oct 2023 09:36:46:   Computing false discovery rate... 
INFO  @ Tue, 17 Oct 2023 09:36:46:   Permuting genes with 1 sgRNAs... 
INFO  @ Tue, 17 Oct 2023 09:36:46:   Permuting genes with 2 sgRNAs... 
INFO  @ Tue, 17 Oct 2023 09:36:46:   Permuting genes with 3 sgRNAs... 
INFO  @ Tue, 17 Oct 2023 09:36:46:   Permuting genes with 4 sgRNAs... 
INFO  @ Tue, 17 Oct 2023 09:36:46:   Permuting genes with 5 sgRNAs... 
INFO  @ Tue, 17 Oct 2023 09:36:46:   Permuting genes with 6 sgRNAs... 
INFO  @ Tue, 17 Oct 2023 09:36:46:   Permuting genes with 9 sgRNAs... 
INFO  @ Tue, 17 Oct 2023 09:36:46:   Number of genes under FDR adjustment: 20466 
INFO  @ Tue, 17 Oct 2023 09:36:46:   Saving to output file... 
INFO  @ Tue, 17 Oct 2023 09:36:46:   RRA completed. 
INFO  @ Tue, 17 Oct 2023 09:36:46:    
INFO  @ Tue, 17 Oct 2023 09:36:46: End command message. 
DEBUG @ Tue, 17 Oct 2023 09:36:46: Sorting the merged items by negative selection... 
INFO  @ Tue, 17 Oct 2023 09:36:46: Loading top 10 genes from /lustre/scratch124/casm/team113/users/vo1/hap1_wt_vs_lig4_daSilva_crispr_screen/MAGeCK/LIG4_vs_plasmid.gene.low.txt: hsa-mir-3929,hsa-mir-8086,TMA7,C15orf41,RPL13A,hsa-mir-5096,MRPS21,RAD9A,PDCD2,hsa-mir-483 
DEBUG @ Tue, 17 Oct 2023 09:36:46: Column index:3 
INFO  @ Tue, 17 Oct 2023 09:36:47: Loading top 10 genes from /lustre/scratch124/casm/team113/users/vo1/hap1_wt_vs_lig4_daSilva_crispr_screen/MAGeCK/LIG4_vs_plasmid.gene.high.txt: MORC2,TCERG1L,RFPL3,ATN1,PMAIP1,DCAF8L2,OR2T8,GPR64,L3MBTL2,RD3L 
DEBUG @ Tue, 17 Oct 2023 09:36:47: Column index:9 
INFO  @ Tue, 17 Oct 2023 09:36:48: Running command: rm /lustre/scratch124/casm/team113/users/vo1/hap1_wt_vs_lig4_daSilva_crispr_screen/MAGeCK/LIG4_vs_plasmid.plow.txt 
INFO  @ Tue, 17 Oct 2023 09:36:48: Running command: rm /lustre/scratch124/casm/team113/users/vo1/hap1_wt_vs_lig4_daSilva_crispr_screen/MAGeCK/LIG4_vs_plasmid.phigh.txt 
INFO  @ Tue, 17 Oct 2023 09:36:48: Running command: rm /lustre/scratch124/casm/team113/users/vo1/hap1_wt_vs_lig4_daSilva_crispr_screen/MAGeCK/LIG4_vs_plasmid.gene.low.txt 
INFO  @ Tue, 17 Oct 2023 09:36:48: Running command: rm /lustre/scratch124/casm/team113/users/vo1/hap1_wt_vs_lig4_daSilva_crispr_screen/MAGeCK/LIG4_vs_plasmid.gene.high.txt 
