INFO  @ Tue, 17 Oct 2023 09:36:49: Parameters: /opt/wsi-t113/python3/bin/mageck test --norm-method none --remove-zero none -t LIG4_rep1,LIG4_rep2,LIG4_rep3 -c WT_rep1,WT_rep2,WT_rep3 -k /lustre/scratch124/casm/team113/users/vo1/hap1_wt_vs_lig4_daSilva_crispr_screen/daSilva_normalised_counts_for_mageck.tsv -n /lustre/scratch124/casm/team113/users/vo1/hap1_wt_vs_lig4_daSilva_crispr_screen/MAGeCK/LIG4_vs_WT 
INFO  @ Tue, 17 Oct 2023 09:36:49: Welcome to MAGeCK v0.5.9.3. Command: test 
INFO  @ Tue, 17 Oct 2023 09:36:49: Loading count table from /lustre/scratch124/casm/team113/users/vo1/hap1_wt_vs_lig4_daSilva_crispr_screen/daSilva_normalised_counts_for_mageck.tsv  
INFO  @ Tue, 17 Oct 2023 09:36:49: Processing 1 lines.. 
DEBUG @ Tue, 17 Oct 2023 09:36:49: Parsing error in line 1 (usually the header line). Skip this line. 
INFO  @ Tue, 17 Oct 2023 09:36:49: Processing 100001 lines.. 
INFO  @ Tue, 17 Oct 2023 09:36:49: Loaded 116491 records. 
INFO  @ Tue, 17 Oct 2023 09:36:49: Loading Rnw template file: /opt/wsi-t113/python3/lib/python3.6/site-packages/mageck/test_report.Rmd. 
DEBUG @ Tue, 17 Oct 2023 09:36:49: Setting up the visualization module... 
INFO  @ Tue, 17 Oct 2023 09:36:49: Loading R template file: /opt/wsi-t113/python3/lib/python3.6/site-packages/mageck/plot_template.RTemplate. 
INFO  @ Tue, 17 Oct 2023 09:36:49: Loading R template file: /opt/wsi-t113/python3/lib/python3.6/site-packages/mageck/plot_template_indvgene.RTemplate. 
INFO  @ Tue, 17 Oct 2023 09:36:49: Loading Rnw template file: /opt/wsi-t113/python3/lib/python3.6/site-packages/mageck/plot_template.Rnw. 
DEBUG @ Tue, 17 Oct 2023 09:36:49: Setting up the visualization module... 
DEBUG @ Tue, 17 Oct 2023 09:36:49: Given sample labels: LIG4_rep1,LIG4_rep2,LIG4_rep3 
DEBUG @ Tue, 17 Oct 2023 09:36:49: Converted index: 4 5 6 
INFO  @ Tue, 17 Oct 2023 09:36:49: Treatment samples:LIG4_rep1,LIG4_rep2,LIG4_rep3 
INFO  @ Tue, 17 Oct 2023 09:36:49: Treatment sample index:4,5,6 
DEBUG @ Tue, 17 Oct 2023 09:36:49: Given sample labels: WT_rep1,WT_rep2,WT_rep3 
DEBUG @ Tue, 17 Oct 2023 09:36:49: Converted index: 1 2 3 
INFO  @ Tue, 17 Oct 2023 09:36:49: Control samples:WT_rep1,WT_rep2,WT_rep3 
INFO  @ Tue, 17 Oct 2023 09:36:49: Control sample index:1,2,3 
DEBUG @ Tue, 17 Oct 2023 09:36:49: Initial (total) size factor: 1.0174296080715117 1.0172663810494926 0.9627877315853157 1.0220858894870424 1.0220644372039782 0.9627877315848403 
INFO  @ Tue, 17 Oct 2023 09:36:50: Final size factor: 1.0 1.0 1.0 1.0 1.0 1.0 
INFO  @ Tue, 17 Oct 2023 09:36:51: Detecting outliers from variance estimation.. Avg read count:[6.81586382207011], Var: [37.02360520036469] 
INFO  @ Tue, 17 Oct 2023 09:36:51: Skipping 605 sgRNAs from variance calculation because of their extreme high counts (> 4* STD (mean counts) ). 
DEBUG @ Tue, 17 Oct 2023 09:36:51: Adjusted model: 1	0.24637745727010102 
INFO  @ Tue, 17 Oct 2023 09:36:51: Before RRA, 0 sgRNAs are removed with zero counts in none group(s). 
INFO  @ Tue, 17 Oct 2023 09:36:52: Use qnorm to reversely calculate sgRNA scores ... 
DEBUG @ Tue, 17 Oct 2023 09:36:54: lower test FDR cutoff: 0.4349949781528187 
DEBUG @ Tue, 17 Oct 2023 09:36:55: higher test FDR cutoff: 0.1149359177962246 
INFO  @ Tue, 17 Oct 2023 09:36:55: Running command: RRA -i /lustre/scratch124/casm/team113/users/vo1/hap1_wt_vs_lig4_daSilva_crispr_screen/MAGeCK/LIG4_vs_WT.plow.txt -o /lustre/scratch124/casm/team113/users/vo1/hap1_wt_vs_lig4_daSilva_crispr_screen/MAGeCK/LIG4_vs_WT.gene.low.txt -p 0.4349949781528187 --skip-gene NA --skip-gene na  
INFO  @ Tue, 17 Oct 2023 09:37:06: Command message: 
INFO  @ Tue, 17 Oct 2023 09:37:06:   Welcome to RRA v 0.5.9. 
INFO  @ Tue, 17 Oct 2023 09:37:06:   Skipping gene NA for permutation ... 
INFO  @ Tue, 17 Oct 2023 09:37:06:   Skipping gene na for permutation ... 
INFO  @ Tue, 17 Oct 2023 09:37:06:   Reading input file... 
INFO  @ Tue, 17 Oct 2023 09:37:06:   Summary: 116491 sgRNAs, 20466 genes, 1 lists; skipped sgRNAs:0 
INFO  @ Tue, 17 Oct 2023 09:37:06:   Computing lo-values for each group... 
INFO  @ Tue, 17 Oct 2023 09:37:06:   Computing false discovery rate... 
INFO  @ Tue, 17 Oct 2023 09:37:06:   Permuting genes with 1 sgRNAs... 
INFO  @ Tue, 17 Oct 2023 09:37:06:   Permuting genes with 2 sgRNAs... 
INFO  @ Tue, 17 Oct 2023 09:37:06:   Permuting genes with 3 sgRNAs... 
INFO  @ Tue, 17 Oct 2023 09:37:06:   Permuting genes with 4 sgRNAs... 
INFO  @ Tue, 17 Oct 2023 09:37:06:   Permuting genes with 5 sgRNAs... 
INFO  @ Tue, 17 Oct 2023 09:37:06:   Permuting genes with 6 sgRNAs... 
INFO  @ Tue, 17 Oct 2023 09:37:06:   Permuting genes with 9 sgRNAs... 
INFO  @ Tue, 17 Oct 2023 09:37:06:   Number of genes under FDR adjustment: 20466 
INFO  @ Tue, 17 Oct 2023 09:37:06:   Saving to output file... 
INFO  @ Tue, 17 Oct 2023 09:37:06:   RRA completed. 
INFO  @ Tue, 17 Oct 2023 09:37:06:    
INFO  @ Tue, 17 Oct 2023 09:37:06: End command message. 
INFO  @ Tue, 17 Oct 2023 09:37:06: Running command: RRA -i /lustre/scratch124/casm/team113/users/vo1/hap1_wt_vs_lig4_daSilva_crispr_screen/MAGeCK/LIG4_vs_WT.phigh.txt -o /lustre/scratch124/casm/team113/users/vo1/hap1_wt_vs_lig4_daSilva_crispr_screen/MAGeCK/LIG4_vs_WT.gene.high.txt -p 0.1149359177962246 --skip-gene NA --skip-gene na  
INFO  @ Tue, 17 Oct 2023 09:37:13: Command message: 
INFO  @ Tue, 17 Oct 2023 09:37:13:   Welcome to RRA v 0.5.9. 
INFO  @ Tue, 17 Oct 2023 09:37:13:   Skipping gene NA for permutation ... 
INFO  @ Tue, 17 Oct 2023 09:37:13:   Skipping gene na for permutation ... 
INFO  @ Tue, 17 Oct 2023 09:37:13:   Reading input file... 
INFO  @ Tue, 17 Oct 2023 09:37:13:   Summary: 116491 sgRNAs, 20466 genes, 1 lists; skipped sgRNAs:0 
INFO  @ Tue, 17 Oct 2023 09:37:13:   Computing lo-values for each group... 
INFO  @ Tue, 17 Oct 2023 09:37:13:   Computing false discovery rate... 
INFO  @ Tue, 17 Oct 2023 09:37:13:   Permuting genes with 1 sgRNAs... 
INFO  @ Tue, 17 Oct 2023 09:37:13:   Permuting genes with 2 sgRNAs... 
INFO  @ Tue, 17 Oct 2023 09:37:13:   Permuting genes with 3 sgRNAs... 
INFO  @ Tue, 17 Oct 2023 09:37:13:   Permuting genes with 4 sgRNAs... 
INFO  @ Tue, 17 Oct 2023 09:37:13:   Permuting genes with 5 sgRNAs... 
INFO  @ Tue, 17 Oct 2023 09:37:13:   Permuting genes with 6 sgRNAs... 
INFO  @ Tue, 17 Oct 2023 09:37:13:   Permuting genes with 9 sgRNAs... 
INFO  @ Tue, 17 Oct 2023 09:37:13:   Number of genes under FDR adjustment: 20466 
INFO  @ Tue, 17 Oct 2023 09:37:13:   Saving to output file... 
INFO  @ Tue, 17 Oct 2023 09:37:13:   RRA completed. 
INFO  @ Tue, 17 Oct 2023 09:37:13:    
INFO  @ Tue, 17 Oct 2023 09:37:13: End command message. 
DEBUG @ Tue, 17 Oct 2023 09:37:14: Sorting the merged items by negative selection... 
INFO  @ Tue, 17 Oct 2023 09:37:14: Loading top 10 genes from /lustre/scratch124/casm/team113/users/vo1/hap1_wt_vs_lig4_daSilva_crispr_screen/MAGeCK/LIG4_vs_WT.gene.low.txt: ARRDC3,GSK3B,LOC100289561,TAOK1,TMA7,hsa-mir-6727,ERH,hsa-mir-483,MRPL40,PDE4DIP 
DEBUG @ Tue, 17 Oct 2023 09:37:14: Column index:3 
INFO  @ Tue, 17 Oct 2023 09:37:15: Loading top 10 genes from /lustre/scratch124/casm/team113/users/vo1/hap1_wt_vs_lig4_daSilva_crispr_screen/MAGeCK/LIG4_vs_WT.gene.high.txt: OSTN,RFPL3,ATN1,hsa-mir-5697,TCP10L2,TCERG1L,MMP11,L3MBTL2,ZIM3,MORC2 
DEBUG @ Tue, 17 Oct 2023 09:37:15: Column index:9 
INFO  @ Tue, 17 Oct 2023 09:37:16: Running command: rm /lustre/scratch124/casm/team113/users/vo1/hap1_wt_vs_lig4_daSilva_crispr_screen/MAGeCK/LIG4_vs_WT.plow.txt 
INFO  @ Tue, 17 Oct 2023 09:37:16: Running command: rm /lustre/scratch124/casm/team113/users/vo1/hap1_wt_vs_lig4_daSilva_crispr_screen/MAGeCK/LIG4_vs_WT.phigh.txt 
INFO  @ Tue, 17 Oct 2023 09:37:16: Running command: rm /lustre/scratch124/casm/team113/users/vo1/hap1_wt_vs_lig4_daSilva_crispr_screen/MAGeCK/LIG4_vs_WT.gene.low.txt 
INFO  @ Tue, 17 Oct 2023 09:37:16: Running command: rm /lustre/scratch124/casm/team113/users/vo1/hap1_wt_vs_lig4_daSilva_crispr_screen/MAGeCK/LIG4_vs_WT.gene.high.txt 
