INFO  @ Tue, 17 Oct 2023 09:35:56: Parameters: /opt/wsi-t113/python3/bin/mageck test --norm-method none --remove-zero none -t WT_rep1,WT_rep2,WT_rep3 -c plasmid -k /lustre/scratch124/casm/team113/users/vo1/hap1_wt_vs_lig4_daSilva_crispr_screen/daSilva_normalised_counts_for_mageck.tsv -n /lustre/scratch124/casm/team113/users/vo1/hap1_wt_vs_lig4_daSilva_crispr_screen/MAGeCK/WT_vs_plasmid 
INFO  @ Tue, 17 Oct 2023 09:35:56: Welcome to MAGeCK v0.5.9.3. Command: test 
INFO  @ Tue, 17 Oct 2023 09:35:56: Loading count table from /lustre/scratch124/casm/team113/users/vo1/hap1_wt_vs_lig4_daSilva_crispr_screen/daSilva_normalised_counts_for_mageck.tsv  
INFO  @ Tue, 17 Oct 2023 09:35:56: Processing 1 lines.. 
DEBUG @ Tue, 17 Oct 2023 09:35:56: Parsing error in line 1 (usually the header line). Skip this line. 
INFO  @ Tue, 17 Oct 2023 09:35:57: Processing 100001 lines.. 
INFO  @ Tue, 17 Oct 2023 09:35:57: Loaded 116491 records. 
INFO  @ Tue, 17 Oct 2023 09:35:57: Loading Rnw template file: /opt/wsi-t113/python3/lib/python3.6/site-packages/mageck/test_report.Rmd. 
DEBUG @ Tue, 17 Oct 2023 09:35:57: Setting up the visualization module... 
INFO  @ Tue, 17 Oct 2023 09:35:57: Loading R template file: /opt/wsi-t113/python3/lib/python3.6/site-packages/mageck/plot_template.RTemplate. 
INFO  @ Tue, 17 Oct 2023 09:35:57: Loading R template file: /opt/wsi-t113/python3/lib/python3.6/site-packages/mageck/plot_template_indvgene.RTemplate. 
INFO  @ Tue, 17 Oct 2023 09:35:57: Loading Rnw template file: /opt/wsi-t113/python3/lib/python3.6/site-packages/mageck/plot_template.Rnw. 
DEBUG @ Tue, 17 Oct 2023 09:35:57: Setting up the visualization module... 
DEBUG @ Tue, 17 Oct 2023 09:35:57: Given sample labels: WT_rep1,WT_rep2,WT_rep3 
DEBUG @ Tue, 17 Oct 2023 09:35:57: Converted index: 1 2 3 
INFO  @ Tue, 17 Oct 2023 09:35:57: Treatment samples:WT_rep1,WT_rep2,WT_rep3 
INFO  @ Tue, 17 Oct 2023 09:35:57: Treatment sample index:1,2,3 
DEBUG @ Tue, 17 Oct 2023 09:35:57: Given sample labels: plasmid 
DEBUG @ Tue, 17 Oct 2023 09:35:57: Converted index: 0 
INFO  @ Tue, 17 Oct 2023 09:35:57: Control samples:plasmid 
INFO  @ Tue, 17 Oct 2023 09:35:57: Control sample index:0 
DEBUG @ Tue, 17 Oct 2023 09:35:57: Initial (total) size factor: 0.9731850570941203 1.0284170214653032 1.028252031724022 0.9731850570941042 
INFO  @ Tue, 17 Oct 2023 09:35:58: Final size factor: 1.0 1.0 1.0 1.0 
INFO  @ Tue, 17 Oct 2023 09:35:59: Detecting outliers from variance estimation.. Avg read count:[6.98783603604937], Var: [33.07342238291889] 
INFO  @ Tue, 17 Oct 2023 09:35:59: Skipping 588 sgRNAs from variance calculation because of their extreme high counts (> 4* STD (mean counts) ). 
DEBUG @ Tue, 17 Oct 2023 09:35:59: Adjusted model: 1	1.2209191046168557 
INFO  @ Tue, 17 Oct 2023 09:35:59: Raw variance calculation: 0.0 for control, 1.0 for treatment 
INFO  @ Tue, 17 Oct 2023 09:35:59: Before RRA, 0 sgRNAs are removed with zero counts in none group(s). 
INFO  @ Tue, 17 Oct 2023 09:36:00: Use qnorm to reversely calculate sgRNA scores ... 
DEBUG @ Tue, 17 Oct 2023 09:36:02: lower test FDR cutoff: 0.22889321921865208 
DEBUG @ Tue, 17 Oct 2023 09:36:03: higher test FDR cutoff: 0.058219089886772366 
INFO  @ Tue, 17 Oct 2023 09:36:03: Running command: RRA -i /lustre/scratch124/casm/team113/users/vo1/hap1_wt_vs_lig4_daSilva_crispr_screen/MAGeCK/WT_vs_plasmid.plow.txt -o /lustre/scratch124/casm/team113/users/vo1/hap1_wt_vs_lig4_daSilva_crispr_screen/MAGeCK/WT_vs_plasmid.gene.low.txt -p 0.22889321921865208 --skip-gene NA --skip-gene na  
INFO  @ Tue, 17 Oct 2023 09:36:11: Command message: 
INFO  @ Tue, 17 Oct 2023 09:36:11:   Welcome to RRA v 0.5.9. 
INFO  @ Tue, 17 Oct 2023 09:36:11:   Skipping gene NA for permutation ... 
INFO  @ Tue, 17 Oct 2023 09:36:11:   Skipping gene na for permutation ... 
INFO  @ Tue, 17 Oct 2023 09:36:11:   Reading input file... 
INFO  @ Tue, 17 Oct 2023 09:36:11:   Summary: 116491 sgRNAs, 20466 genes, 1 lists; skipped sgRNAs:0 
INFO  @ Tue, 17 Oct 2023 09:36:11:   Computing lo-values for each group... 
INFO  @ Tue, 17 Oct 2023 09:36:11:   Computing false discovery rate... 
INFO  @ Tue, 17 Oct 2023 09:36:11:   Permuting genes with 1 sgRNAs... 
INFO  @ Tue, 17 Oct 2023 09:36:11:   Permuting genes with 2 sgRNAs... 
INFO  @ Tue, 17 Oct 2023 09:36:11:   Permuting genes with 3 sgRNAs... 
INFO  @ Tue, 17 Oct 2023 09:36:11:   Permuting genes with 4 sgRNAs... 
INFO  @ Tue, 17 Oct 2023 09:36:11:   Permuting genes with 5 sgRNAs... 
INFO  @ Tue, 17 Oct 2023 09:36:11:   Permuting genes with 6 sgRNAs... 
INFO  @ Tue, 17 Oct 2023 09:36:11:   Permuting genes with 9 sgRNAs... 
INFO  @ Tue, 17 Oct 2023 09:36:11:   Number of genes under FDR adjustment: 20466 
INFO  @ Tue, 17 Oct 2023 09:36:11:   Saving to output file... 
INFO  @ Tue, 17 Oct 2023 09:36:11:   RRA completed. 
INFO  @ Tue, 17 Oct 2023 09:36:11:    
INFO  @ Tue, 17 Oct 2023 09:36:11: End command message. 
INFO  @ Tue, 17 Oct 2023 09:36:11: Running command: RRA -i /lustre/scratch124/casm/team113/users/vo1/hap1_wt_vs_lig4_daSilva_crispr_screen/MAGeCK/WT_vs_plasmid.phigh.txt -o /lustre/scratch124/casm/team113/users/vo1/hap1_wt_vs_lig4_daSilva_crispr_screen/MAGeCK/WT_vs_plasmid.gene.high.txt -p 0.058219089886772366 --skip-gene NA --skip-gene na  
INFO  @ Tue, 17 Oct 2023 09:36:19: Command message: 
INFO  @ Tue, 17 Oct 2023 09:36:19:   Welcome to RRA v 0.5.9. 
INFO  @ Tue, 17 Oct 2023 09:36:19:   Skipping gene NA for permutation ... 
INFO  @ Tue, 17 Oct 2023 09:36:19:   Skipping gene na for permutation ... 
INFO  @ Tue, 17 Oct 2023 09:36:19:   Reading input file... 
INFO  @ Tue, 17 Oct 2023 09:36:19:   Summary: 116491 sgRNAs, 20466 genes, 1 lists; skipped sgRNAs:0 
INFO  @ Tue, 17 Oct 2023 09:36:19:   Computing lo-values for each group... 
INFO  @ Tue, 17 Oct 2023 09:36:19:   Computing false discovery rate... 
INFO  @ Tue, 17 Oct 2023 09:36:19:   Permuting genes with 1 sgRNAs... 
INFO  @ Tue, 17 Oct 2023 09:36:19:   Permuting genes with 2 sgRNAs... 
INFO  @ Tue, 17 Oct 2023 09:36:19:   Permuting genes with 3 sgRNAs... 
INFO  @ Tue, 17 Oct 2023 09:36:19:   Permuting genes with 4 sgRNAs... 
INFO  @ Tue, 17 Oct 2023 09:36:19:   Permuting genes with 5 sgRNAs... 
INFO  @ Tue, 17 Oct 2023 09:36:19:   Permuting genes with 6 sgRNAs... 
INFO  @ Tue, 17 Oct 2023 09:36:19:   Permuting genes with 9 sgRNAs... 
INFO  @ Tue, 17 Oct 2023 09:36:19:   Number of genes under FDR adjustment: 20466 
INFO  @ Tue, 17 Oct 2023 09:36:19:   Saving to output file... 
INFO  @ Tue, 17 Oct 2023 09:36:19:   RRA completed. 
INFO  @ Tue, 17 Oct 2023 09:36:19:    
INFO  @ Tue, 17 Oct 2023 09:36:19: End command message. 
DEBUG @ Tue, 17 Oct 2023 09:36:19: Sorting the merged items by negative selection... 
INFO  @ Tue, 17 Oct 2023 09:36:19: Loading top 10 genes from /lustre/scratch124/casm/team113/users/vo1/hap1_wt_vs_lig4_daSilva_crispr_screen/MAGeCK/WT_vs_plasmid.gene.low.txt: WASH1,hsa-mir-566,hsa-mir-3929,RPL11,MRPS21,GAPDH,RPL34,CCNA2,TRMT112,RPS15A 
DEBUG @ Tue, 17 Oct 2023 09:36:19: Column index:3 
INFO  @ Tue, 17 Oct 2023 09:36:20: Loading top 10 genes from /lustre/scratch124/casm/team113/users/vo1/hap1_wt_vs_lig4_daSilva_crispr_screen/MAGeCK/WT_vs_plasmid.gene.high.txt: PMAIP1,GSK3A,DEPDC5,KCTD5,SLC30A1,ARRDC3,NPRL2,BAX,GSK3B,FOXO1 
DEBUG @ Tue, 17 Oct 2023 09:36:20: Column index:9 
INFO  @ Tue, 17 Oct 2023 09:36:20: Running command: rm /lustre/scratch124/casm/team113/users/vo1/hap1_wt_vs_lig4_daSilva_crispr_screen/MAGeCK/WT_vs_plasmid.plow.txt 
INFO  @ Tue, 17 Oct 2023 09:36:20: Running command: rm /lustre/scratch124/casm/team113/users/vo1/hap1_wt_vs_lig4_daSilva_crispr_screen/MAGeCK/WT_vs_plasmid.phigh.txt 
INFO  @ Tue, 17 Oct 2023 09:36:20: Running command: rm /lustre/scratch124/casm/team113/users/vo1/hap1_wt_vs_lig4_daSilva_crispr_screen/MAGeCK/WT_vs_plasmid.gene.low.txt 
INFO  @ Tue, 17 Oct 2023 09:36:20: Running command: rm /lustre/scratch124/casm/team113/users/vo1/hap1_wt_vs_lig4_daSilva_crispr_screen/MAGeCK/WT_vs_plasmid.gene.high.txt 
